
2026-01-02T18:11:08.348Z - GET /todos
2026-01-02T18:14:41.354Z - GET /todos
2026-01-02T18:15:34.465Z - POST /todos
2026-01-02T18:15:34.480Z - POST /todos
2026-01-02T18:16:13.289Z - POST /todos
2026-01-02T18:17:24.379Z - POST /todos
2026-01-02T18:17:33.076Z - GET /todos
2026-01-02T18:18:07.303Z - POST /todos
2026-01-02T18:18:12.853Z - GET /todos
2026-01-02T18:18:28.142Z - DELETE /todos/3
2026-01-02T18:18:33.965Z - GET /todos
2026-01-02T18:18:57.552Z - GET /todos
2026-01-02T18:19:02.078Z - POST /todos
2026-01-02T18:20:57.931Z - POST /todos
2026-01-02T18:21:05.789Z - POST /todos
2026-01-02T18:23:44.473Z - POST /todos
2026-01-02T18:23:50.746Z - GET /todos
2026-01-02T18:31:45.188Z - GET /todos?q=j
2026-01-02T18:31:51.628Z - GET /todos?q=jour
2026-01-02T18:32:53.513Z - GET /todos?q=Journaling
2026-01-02T18:33:53.175Z - GET /todos?q=Journaling
2026-01-02T18:33:57.571Z - GET /todos?q=test
2026-01-02T18:34:06.190Z - GET /todos?q=third
2026-01-02T18:34:11.581Z - GET /todos?q=j
2026-01-02T18:34:20.109Z - GET /todos?q=t
2026-01-02T18:34:26.424Z - GET /todos?q=i
2026-01-02T18:43:11.846Z - GET /todos?q=i
2026-01-02T18:43:17.161Z - GET /todos?q=j
2026-01-02T18:44:35.473Z - GET /todos?q=j
2026-01-02T18:44:41.021Z - GET /todos?q=jour
2026-01-02T18:47:21.420Z - GET /todos?q=jour
2026-01-02T18:47:49.109Z - GET /todos?q=jour
2026-01-02T18:49:43.234Z - GET /todos?q=jour
2026-01-02T18:56:55.078Z - GET /todos?q=jour
2026-01-02T18:57:14.021Z - GET /todos?q=jour
2026-01-02T18:57:42.695Z - GET /todos?q=jour
2026-01-02T18:59:29.105Z - GET /todos?q=title
2026-01-02T18:59:40.881Z - GET /todos?q=Journaling
2026-01-02T18:59:45.087Z - GET /todos?q=Journ
2026-01-02T19:00:01.889Z - GET /todos?q=title
2026-01-02T19:00:02.674Z - GET /todos?q=title
2026-01-02T19:00:03.359Z - GET /todos?q=title
2026-01-02T19:00:03.960Z - GET /todos?q=title
2026-01-02T19:00:04.486Z - GET /todos?q=title
2026-01-02T19:00:06.171Z - GET /todos?q=title
2026-01-02T19:00:06.587Z - GET /todos?q=title
2026-01-02T19:00:06.887Z - GET /todos?q=title
2026-01-02T19:00:08.526Z - GET /todos?q=title
2026-01-02T19:00:09.228Z - GET /todos?q=title
2026-01-02T19:00:09.843Z - GET /todos?q=title
2026-01-02T19:00:10.534Z - GET /todos?q=title
2026-01-02T19:00:11.246Z - GET /todos?q=title
2026-01-02T19:00:11.912Z - GET /todos?q=title
2026-01-02T19:00:12.534Z - GET /todos?q=title